<?xml version="1.0" encoding="UTF-8"?>
<!-- Generated by org.testng.reporters.JUnitXMLReporter -->
<testsuite ignored="1" hostname="DELL-C0HKRC2" failures="0" tests="1" name="Default test" time="14.294" errors="0" timestamp="2022-06-21T09:06:36 ART">
  <testcase classname="pruebas.AutomationPracticeTest" name="irAContactanos" time="14.161"/>
  <testcase classname="pruebas.AutomationPracticeTest" name="buscarPalabra" time="0.0">
    <ignored/>
  </testcase> <!-- buscarPalabra -->
</testsuite> <!-- Default test -->
