<?xml version="1.0" encoding="UTF-8"?>
<!-- Generated by org.testng.reporters.JUnitXMLReporter -->
<testsuite ignored="0" hostname="DELL-C0HKRC2" failures="0" tests="5" name="Test" time="49.606" errors="0" timestamp="2022-06-16T08:44:36 ART">
  <testcase classname="Edit.EcoTesting.Clase6b" name="login" time="10.886"/>
  <testcase classname="Edit.EcoTesting.Clase6b" name="login" time="12.11"/>
  <testcase classname="Edit.EcoTesting.Clase6b" name="login" time="9.882"/>
  <testcase classname="Edit.EcoTesting.Clase6b" name="login" time="8.874"/>
  <testcase classname="Edit.EcoTesting.Clase6b" name="login" time="6.421"/>
</testsuite> <!-- Test -->
