<?xml version="1.0" encoding="UTF-8"?>
<testng-results ignored="1" total="2" passed="1" failed="0" skipped="0">
  <reporter-output>
  </reporter-output>
  <suite started-at="2022-06-21T09:06:21 ART" name="Default suite" finished-at="2022-06-21T09:06:35 ART" duration-ms="14294">
    <groups>
    </groups>
    <test started-at="2022-06-21T09:06:21 ART" name="Default test" finished-at="2022-06-21T09:06:35 ART" duration-ms="14294">
      <class name="pruebas.AutomationPracticeTest">
        <test-method is-config="true" signature="abrirPagina()[pri:0, instance:pruebas.AutomationPracticeTest@2a4fb17b]" started-at="2022-06-21T09:05:55 ART" name="abrirPagina" finished-at="2022-06-21T09:06:21 ART" duration-ms="26514" status="PASS">
          <reporter-output>
          </reporter-output>
        </test-method> <!-- abrirPagina -->
        <test-method signature="irAContactanos()[pri:0, instance:pruebas.AutomationPracticeTest@2a4fb17b]" started-at="2022-06-21T09:06:21 ART" name="irAContactanos" finished-at="2022-06-21T09:06:35 ART" duration-ms="14161" status="PASS">
          <reporter-output>
          </reporter-output>
        </test-method> <!-- irAContactanos -->
      </class> <!-- pruebas.AutomationPracticeTest -->
    </test> <!-- Default test -->
  </suite> <!-- Default suite -->
</testng-results>
